\BOOKMARK [0][-]{chapter.1}{Tensors\040and\040forms\040on\040manifolds}{}% 1
\BOOKMARK [1][-]{section.1.1}{Tensors}{chapter.1}% 2
\BOOKMARK [2][-]{subsection.1.1.1}{Multilinear\040algebra}{section.1.1}% 3
\BOOKMARK [2][-]{subsection.1.1.2}{Symmetric\040tensors}{section.1.1}% 4
\BOOKMARK [2][-]{subsection.1.1.3}{Tensors\040and\040tensor\040fields\040on\040manifolds}{section.1.1}% 5
\BOOKMARK [2][-]{subsection.1.1.4}{Exercise}{section.1.1}% 6
\BOOKMARK [1][-]{section.1.2}{Riemannian\040metrics}{chapter.1}% 7
\BOOKMARK [2][-]{subsection.1.2.1}{Riemannian\040manifolds}{section.1.2}% 8
\BOOKMARK [2][-]{subsection.1.2.2}{Methods\040for\040constructing\040riemannian\040metrics}{section.1.2}% 9
\BOOKMARK [2][-]{subsection.1.2.3}{Basic\040constructions\040on\040Riemannian\040manifolds}{section.1.2}% 10
\BOOKMARK [2][-]{subsection.1.2.4}{The\040Riemannian\040distance\040function}{section.1.2}% 11
\BOOKMARK [2][-]{subsection.1.2.5}{Pseudo-Riemannian\040metrics}{section.1.2}% 12
\BOOKMARK [2][-]{subsection.1.2.6}{Exercise}{section.1.2}% 13
\BOOKMARK [1][-]{section.1.3}{Differential\040forms}{chapter.1}% 14
\BOOKMARK [2][-]{subsection.1.3.1}{The\040alternating\040tensors}{section.1.3}% 15
\BOOKMARK [2][-]{subsection.1.3.2}{Differential\040forms\040on\040manifolds}{section.1.3}% 16
\BOOKMARK [2][-]{subsection.1.3.3}{Exterior\040derivatives}{section.1.3}% 17
\BOOKMARK [2][-]{subsection.1.3.4}{Exercise}{section.1.3}% 18
\BOOKMARK [1][-]{section.1.4}{Orientations}{chapter.1}% 19
\BOOKMARK [2][-]{subsection.1.4.1}{Orientations\040of\040vector\040spaces}{section.1.4}% 20
\BOOKMARK [2][-]{subsection.1.4.2}{Orientations\040of\040manifolds}{section.1.4}% 21
\BOOKMARK [2][-]{subsection.1.4.3}{The\040Riemannian\040volume\040form}{section.1.4}% 22
\BOOKMARK [2][-]{subsection.1.4.4}{Orientations\040and\040covering\040maps}{section.1.4}% 23
\BOOKMARK [2][-]{subsection.1.4.5}{Exercise}{section.1.4}% 24
\BOOKMARK [1][-]{section.1.5}{Integration\040on\040manifolds}{chapter.1}% 25
\BOOKMARK [2][-]{subsection.1.5.1}{Integration\040of\040differential\040forms}{section.1.5}% 26
\BOOKMARK [2][-]{subsection.1.5.2}{Stokes's\040theorem}{section.1.5}% 27
\BOOKMARK [2][-]{subsection.1.5.3}{Manifolds\040with\040corners}{section.1.5}% 28
\BOOKMARK [2][-]{subsection.1.5.4}{Integration\040on\040Riemannian\040manifolds}{section.1.5}% 29
\BOOKMARK [2][-]{subsection.1.5.5}{Exercise}{section.1.5}% 30
\BOOKMARK [0][-]{chapter.2}{Complex\040manifolds}{}% 31
\BOOKMARK [1][-]{section.2.1}{Local\040theory\040of\040complex\040vector\040spaces}{chapter.2}% 32
\BOOKMARK [2][-]{subsection.2.1.1}{Complex\040and\040Hermitian\040Structures}{section.2.1}% 33
\BOOKMARK [2][-]{subsection.2.1.2}{Tangent\040space\040and\040differential\040forms\040on\040C}{section.2.1}% 34
\BOOKMARK [1][-]{section.2.2}{Complex\040manifolds}{chapter.2}% 35
